mode: set
/Users/BIJAYA/Documents/github/golang/unittest/unittest.go:8.12,12.2 1 0
/Users/BIJAYA/Documents/github/golang/unittest/unittest.go:14.29,18.25 2 1
/Users/BIJAYA/Documents/github/golang/unittest/unittest.go:21.2,21.14 1 1
/Users/BIJAYA/Documents/github/golang/unittest/unittest.go:18.25,20.3 1 1
/Users/BIJAYA/Documents/github/golang/unittest/unittest.go:24.27,26.25 2 1
/Users/BIJAYA/Documents/github/golang/unittest/unittest.go:29.2,29.14 1 1
/Users/BIJAYA/Documents/github/golang/unittest/unittest.go:26.25,28.3 1 1
/Users/BIJAYA/Documents/github/golang/unittest/unittest.go:32.37,35.2 2 1
